MainServer running on port 3003
MainServer running on port 3003
MainServer running on port 3003
Server: MainServer has been closed
MainServer running on port 3003
MainServer running on port 3003
MainServer running on port 3003
MainServer running on port 3003
MainServer running on port 3003
MainServer running on port 3003
MainServer running on port 3003
MainServer running on port 3003
MainServer running on port 3003
MainServer running on port 3003
Error: querySrv ETIMEOUT _mongodb._tcp.cluster0.vplfipd.mongodb.net
    at QueryReqWrap.onresolve [as oncomplete] (node:internal/dns/promises:291:17) {
  errno: undefined,
  code: 'ETIMEOUT',
  syscall: 'querySrv',
  hostname: '_mongodb._tcp.cluster0.vplfipd.mongodb.net'
}
MainServer running on port 3003
MainServer running on port 3003
MainServer running on port 3003
MainServer running on port 3003
MainServer running on port 3003
MainServer running on port 3003
